[2024-12-21T14:46:09.275+0000] {local_task_job_runner.py:123} INFO - ::group::Pre task execution logs
[2024-12-21T14:46:09.292+0000] {taskinstance.py:2613} INFO - Dependencies all met for dep_context=non-requeueable deps ti=<TaskInstance: pipeline_dag.Process_Bronze_to_Silver manual__2024-12-21T14:46:03.662282+00:00 [queued]>
[2024-12-21T14:46:09.302+0000] {taskinstance.py:2613} INFO - Dependencies all met for dep_context=requeueable deps ti=<TaskInstance: pipeline_dag.Process_Bronze_to_Silver manual__2024-12-21T14:46:03.662282+00:00 [queued]>
[2024-12-21T14:46:09.303+0000] {taskinstance.py:2866} INFO - Starting attempt 1 of 2
[2024-12-21T14:46:09.455+0000] {taskinstance.py:2889} INFO - Executing <Task(PythonOperator): Process_Bronze_to_Silver> on 2024-12-21 14:46:03.662282+00:00
[2024-12-21T14:46:09.463+0000] {warnings.py:112} WARNING - /home/***/.local/lib/python3.12/site-packages/***/task/task_runner/standard_task_runner.py:70: DeprecationWarning: This process (pid=632) is multi-threaded, use of fork() may lead to deadlocks in the child.
  pid = os.fork()

[2024-12-21T14:46:09.465+0000] {standard_task_runner.py:72} INFO - Started process 634 to run task
[2024-12-21T14:46:09.466+0000] {standard_task_runner.py:104} INFO - Running: ['***', 'tasks', 'run', 'pipeline_dag', 'Process_Bronze_to_Silver', 'manual__2024-12-21T14:46:03.662282+00:00', '--job-id', '80', '--raw', '--subdir', 'DAGS_FOLDER/pipeline_dag.py', '--cfg-path', '/tmp/tmpf68cr9a7']
[2024-12-21T14:46:09.468+0000] {standard_task_runner.py:105} INFO - Job 80: Subtask Process_Bronze_to_Silver
[2024-12-21T14:46:09.522+0000] {task_command.py:467} INFO - Running <TaskInstance: pipeline_dag.Process_Bronze_to_Silver manual__2024-12-21T14:46:03.662282+00:00 [running]> on host 8bf0510c01ee
[2024-12-21T14:46:09.617+0000] {taskinstance.py:3132} INFO - Exporting env vars: AIRFLOW_CTX_DAG_OWNER='Contato' AIRFLOW_CTX_DAG_ID='pipeline_dag' AIRFLOW_CTX_TASK_ID='Process_Bronze_to_Silver' AIRFLOW_CTX_EXECUTION_DATE='2024-12-21T14:46:03.662282+00:00' AIRFLOW_CTX_TRY_NUMBER='1' AIRFLOW_CTX_DAG_RUN_ID='manual__2024-12-21T14:46:03.662282+00:00'
[2024-12-21T14:46:09.618+0000] {logging_mixin.py:190} INFO - Task instance is in running state
[2024-12-21T14:46:09.619+0000] {logging_mixin.py:190} INFO -  Previous state of the Task instance: queued
[2024-12-21T14:46:09.619+0000] {logging_mixin.py:190} INFO - Current task name:Process_Bronze_to_Silver state:running start_date:2024-12-21 14:46:09.293465+00:00
[2024-12-21T14:46:09.619+0000] {logging_mixin.py:190} INFO - Dag name:pipeline_dag and current dag run status:running
[2024-12-21T14:46:09.620+0000] {taskinstance.py:731} INFO - ::endgroup::
[2024-12-21T14:46:09.621+0000] {logging_mixin.py:190} INFO - initializing data transformation from Bronze folder
[2024-12-21T14:46:09.822+0000] {logging_mixin.py:190} INFO - removing null itens
[2024-12-21T14:46:09.926+0000] {logging_mixin.py:190} INFO - correcting emails
[2024-12-21T14:46:10.007+0000] {logging_mixin.py:190} INFO - creating age column
[2024-12-21T14:46:10.072+0000] {logging_mixin.py:190} INFO - saving data into silver layer
[2024-12-21T14:46:10.333+0000] {python.py:240} INFO - Done. Returned value was: None
[2024-12-21T14:46:10.344+0000] {taskinstance.py:340} INFO - ::group::Post task execution logs
[2024-12-21T14:46:10.345+0000] {taskinstance.py:352} INFO - Marking task as SUCCESS. dag_id=pipeline_dag, task_id=Process_Bronze_to_Silver, run_id=manual__2024-12-21T14:46:03.662282+00:00, execution_date=20241221T144603, start_date=20241221T144609, end_date=20241221T144610
[2024-12-21T14:46:10.356+0000] {logging_mixin.py:190} INFO - Task instance in success state
[2024-12-21T14:46:10.356+0000] {logging_mixin.py:190} INFO -  Previous state of the Task instance: running
[2024-12-21T14:46:10.357+0000] {logging_mixin.py:190} INFO - Dag name:pipeline_dag queued_at:2024-12-21 14:46:03.676127+00:00
[2024-12-21T14:46:10.357+0000] {logging_mixin.py:190} INFO - Task hostname:8bf0510c01ee operator:PythonOperator
[2024-12-21T14:46:10.388+0000] {local_task_job_runner.py:266} INFO - Task exited with return code 0
[2024-12-21T14:46:10.411+0000] {taskinstance.py:3895} INFO - 1 downstream tasks scheduled from follow-on schedule check
[2024-12-21T14:46:10.412+0000] {local_task_job_runner.py:245} INFO - ::endgroup::
