[2024-12-21T12:17:40.531+0000] {local_task_job_runner.py:123} INFO - ::group::Pre task execution logs
[2024-12-21T12:17:40.549+0000] {taskinstance.py:2613} INFO - Dependencies all met for dep_context=non-requeueable deps ti=<TaskInstance: pipeline_dag.Upload_Raw_Data_to_Bronze scheduled__2024-12-20T00:00:00+00:00 [queued]>
[2024-12-21T12:17:40.557+0000] {taskinstance.py:2613} INFO - Dependencies all met for dep_context=requeueable deps ti=<TaskInstance: pipeline_dag.Upload_Raw_Data_to_Bronze scheduled__2024-12-20T00:00:00+00:00 [queued]>
[2024-12-21T12:17:40.558+0000] {taskinstance.py:2866} INFO - Starting attempt 1 of 6
[2024-12-21T12:17:40.573+0000] {taskinstance.py:2889} INFO - Executing <Task(PythonOperator): Upload_Raw_Data_to_Bronze> on 2024-12-20 00:00:00+00:00
[2024-12-21T12:17:40.580+0000] {warnings.py:112} WARNING - /home/***/.local/lib/python3.12/site-packages/***/task/task_runner/standard_task_runner.py:70: DeprecationWarning: This process (pid=107) is multi-threaded, use of fork() may lead to deadlocks in the child.
  pid = os.fork()

[2024-12-21T12:17:40.582+0000] {standard_task_runner.py:72} INFO - Started process 109 to run task
[2024-12-21T12:17:40.583+0000] {standard_task_runner.py:104} INFO - Running: ['***', 'tasks', 'run', 'pipeline_dag', 'Upload_Raw_Data_to_Bronze', 'scheduled__2024-12-20T00:00:00+00:00', '--job-id', '5', '--raw', '--subdir', 'DAGS_FOLDER/pipeline_dag.py', '--cfg-path', '/tmp/tmpekzb7vl9']
[2024-12-21T12:17:40.584+0000] {standard_task_runner.py:105} INFO - Job 5: Subtask Upload_Raw_Data_to_Bronze
[2024-12-21T12:17:40.651+0000] {task_command.py:467} INFO - Running <TaskInstance: pipeline_dag.Upload_Raw_Data_to_Bronze scheduled__2024-12-20T00:00:00+00:00 [running]> on host 17e36ff91da7
[2024-12-21T12:17:41.004+0000] {taskinstance.py:3132} INFO - Exporting env vars: AIRFLOW_CTX_DAG_OWNER='Contato' AIRFLOW_CTX_DAG_ID='pipeline_dag' AIRFLOW_CTX_TASK_ID='Upload_Raw_Data_to_Bronze' AIRFLOW_CTX_EXECUTION_DATE='2024-12-20T00:00:00+00:00' AIRFLOW_CTX_TRY_NUMBER='1' AIRFLOW_CTX_DAG_RUN_ID='scheduled__2024-12-20T00:00:00+00:00'
[2024-12-21T12:17:41.005+0000] {logging_mixin.py:190} INFO - Task instance is in running state
[2024-12-21T12:17:41.006+0000] {logging_mixin.py:190} INFO -  Previous state of the Task instance: queued
[2024-12-21T12:17:41.006+0000] {logging_mixin.py:190} INFO - Current task name:Upload_Raw_Data_to_Bronze state:running start_date:2024-12-21 12:17:40.550363+00:00
[2024-12-21T12:17:41.007+0000] {logging_mixin.py:190} INFO - Dag name:pipeline_dag and current dag run status:running
[2024-12-21T12:17:41.007+0000] {taskinstance.py:731} INFO - ::endgroup::
[2024-12-21T12:17:41.008+0000] {logging_mixin.py:190} INFO - 1
[2024-12-21T12:17:41.008+0000] {python.py:240} INFO - Done. Returned value was: None
[2024-12-21T12:17:41.018+0000] {taskinstance.py:340} INFO - ::group::Post task execution logs
[2024-12-21T12:17:41.019+0000] {taskinstance.py:352} INFO - Marking task as SUCCESS. dag_id=pipeline_dag, task_id=Upload_Raw_Data_to_Bronze, run_id=scheduled__2024-12-20T00:00:00+00:00, execution_date=20241220T000000, start_date=20241221T121740, end_date=20241221T121741
[2024-12-21T12:17:41.030+0000] {logging_mixin.py:190} INFO - Task instance in success state
[2024-12-21T12:17:41.030+0000] {logging_mixin.py:190} INFO -  Previous state of the Task instance: running
[2024-12-21T12:17:41.031+0000] {logging_mixin.py:190} INFO - Dag name:pipeline_dag queued_at:2024-12-21 12:17:34.463286+00:00
[2024-12-21T12:17:41.031+0000] {logging_mixin.py:190} INFO - Task hostname:17e36ff91da7 operator:PythonOperator
[2024-12-21T12:17:41.052+0000] {local_task_job_runner.py:266} INFO - Task exited with return code 0
[2024-12-21T12:17:41.084+0000] {taskinstance.py:3895} INFO - 1 downstream tasks scheduled from follow-on schedule check
[2024-12-21T12:17:41.086+0000] {local_task_job_runner.py:245} INFO - ::endgroup::
