[2024-12-21T14:46:12.353+0000] {local_task_job_runner.py:123} INFO - ::group::Pre task execution logs
[2024-12-21T14:46:12.370+0000] {taskinstance.py:2613} INFO - Dependencies all met for dep_context=non-requeueable deps ti=<TaskInstance: pipeline_dag.Process_Silver_to_Gold manual__2024-12-21T14:46:03.662282+00:00 [queued]>
[2024-12-21T14:46:12.380+0000] {taskinstance.py:2613} INFO - Dependencies all met for dep_context=requeueable deps ti=<TaskInstance: pipeline_dag.Process_Silver_to_Gold manual__2024-12-21T14:46:03.662282+00:00 [queued]>
[2024-12-21T14:46:12.380+0000] {taskinstance.py:2866} INFO - Starting attempt 1 of 2
[2024-12-21T14:46:12.536+0000] {taskinstance.py:2889} INFO - Executing <Task(PythonOperator): Process_Silver_to_Gold> on 2024-12-21 14:46:03.662282+00:00
[2024-12-21T14:46:12.545+0000] {warnings.py:112} WARNING - /home/***/.local/lib/python3.12/site-packages/***/task/task_runner/standard_task_runner.py:70: DeprecationWarning: This process (pid=655) is multi-threaded, use of fork() may lead to deadlocks in the child.
  pid = os.fork()

[2024-12-21T14:46:12.547+0000] {standard_task_runner.py:72} INFO - Started process 657 to run task
[2024-12-21T14:46:12.548+0000] {standard_task_runner.py:104} INFO - Running: ['***', 'tasks', 'run', 'pipeline_dag', 'Process_Silver_to_Gold', 'manual__2024-12-21T14:46:03.662282+00:00', '--job-id', '81', '--raw', '--subdir', 'DAGS_FOLDER/pipeline_dag.py', '--cfg-path', '/tmp/tmpuisx0fvs']
[2024-12-21T14:46:12.550+0000] {standard_task_runner.py:105} INFO - Job 81: Subtask Process_Silver_to_Gold
[2024-12-21T14:46:12.606+0000] {task_command.py:467} INFO - Running <TaskInstance: pipeline_dag.Process_Silver_to_Gold manual__2024-12-21T14:46:03.662282+00:00 [running]> on host 8bf0510c01ee
[2024-12-21T14:46:12.698+0000] {taskinstance.py:3132} INFO - Exporting env vars: AIRFLOW_CTX_DAG_OWNER='Contato' AIRFLOW_CTX_DAG_ID='pipeline_dag' AIRFLOW_CTX_TASK_ID='Process_Silver_to_Gold' AIRFLOW_CTX_EXECUTION_DATE='2024-12-21T14:46:03.662282+00:00' AIRFLOW_CTX_TRY_NUMBER='1' AIRFLOW_CTX_DAG_RUN_ID='manual__2024-12-21T14:46:03.662282+00:00'
[2024-12-21T14:46:12.700+0000] {logging_mixin.py:190} INFO - Task instance is in running state
[2024-12-21T14:46:12.700+0000] {logging_mixin.py:190} INFO -  Previous state of the Task instance: queued
[2024-12-21T14:46:12.700+0000] {logging_mixin.py:190} INFO - Current task name:Process_Silver_to_Gold state:running start_date:2024-12-21 14:46:12.370858+00:00
[2024-12-21T14:46:12.701+0000] {logging_mixin.py:190} INFO - Dag name:pipeline_dag and current dag run status:running
[2024-12-21T14:46:12.701+0000] {taskinstance.py:731} INFO - ::endgroup::
[2024-12-21T14:46:12.702+0000] {logging_mixin.py:190} INFO - initializing data transformation from Silver folder
[2024-12-21T14:46:12.881+0000] {logging_mixin.py:190} INFO - creating age groups
[2024-12-21T14:46:13.026+0000] {logging_mixin.py:190} INFO - creating table with age groups and subscription status
[2024-12-21T14:46:13.031+0000] {logging_mixin.py:190} INFO - creating table grouping age groups by subscription status
[2024-12-21T14:46:13.174+0000] {logging_mixin.py:190} INFO - saving data into golden layer
[2024-12-21T14:46:13.856+0000] {python.py:240} INFO - Done. Returned value was: None
[2024-12-21T14:46:13.867+0000] {taskinstance.py:340} INFO - ::group::Post task execution logs
[2024-12-21T14:46:13.868+0000] {taskinstance.py:352} INFO - Marking task as SUCCESS. dag_id=pipeline_dag, task_id=Process_Silver_to_Gold, run_id=manual__2024-12-21T14:46:03.662282+00:00, execution_date=20241221T144603, start_date=20241221T144612, end_date=20241221T144613
[2024-12-21T14:46:13.878+0000] {logging_mixin.py:190} INFO - Task instance in success state
[2024-12-21T14:46:13.879+0000] {logging_mixin.py:190} INFO -  Previous state of the Task instance: running
[2024-12-21T14:46:13.879+0000] {logging_mixin.py:190} INFO - Dag name:pipeline_dag queued_at:2024-12-21 14:46:03.676127+00:00
[2024-12-21T14:46:13.879+0000] {logging_mixin.py:190} INFO - Task hostname:8bf0510c01ee operator:PythonOperator
[2024-12-21T14:46:13.920+0000] {local_task_job_runner.py:266} INFO - Task exited with return code 0
[2024-12-21T14:46:13.940+0000] {taskinstance.py:3895} INFO - 0 downstream tasks scheduled from follow-on schedule check
[2024-12-21T14:46:13.942+0000] {local_task_job_runner.py:245} INFO - ::endgroup::
