[2024-12-21T14:49:11.446+0000] {local_task_job_runner.py:123} INFO - ::group::Pre task execution logs
[2024-12-21T14:49:11.470+0000] {taskinstance.py:2613} INFO - Dependencies all met for dep_context=non-requeueable deps ti=<TaskInstance: pipeline_dag.Extractor_Loader manual__2024-12-21T14:49:08.721508+00:00 [queued]>
[2024-12-21T14:49:11.481+0000] {taskinstance.py:2613} INFO - Dependencies all met for dep_context=requeueable deps ti=<TaskInstance: pipeline_dag.Extractor_Loader manual__2024-12-21T14:49:08.721508+00:00 [queued]>
[2024-12-21T14:49:11.481+0000] {taskinstance.py:2866} INFO - Starting attempt 1 of 2
[2024-12-21T14:49:11.638+0000] {taskinstance.py:2889} INFO - Executing <Task(PythonOperator): Extractor_Loader> on 2024-12-21 14:49:08.721508+00:00
[2024-12-21T14:49:11.646+0000] {warnings.py:112} WARNING - /home/***/.local/lib/python3.12/site-packages/***/task/task_runner/standard_task_runner.py:70: DeprecationWarning: This process (pid=822) is multi-threaded, use of fork() may lead to deadlocks in the child.
  pid = os.fork()

[2024-12-21T14:49:11.649+0000] {standard_task_runner.py:72} INFO - Started process 824 to run task
[2024-12-21T14:49:11.649+0000] {standard_task_runner.py:104} INFO - Running: ['***', 'tasks', 'run', 'pipeline_dag', 'Extractor_Loader', 'manual__2024-12-21T14:49:08.721508+00:00', '--job-id', '88', '--raw', '--subdir', 'DAGS_FOLDER/pipeline_dag.py', '--cfg-path', '/tmp/tmp511qkvn0']
[2024-12-21T14:49:11.651+0000] {standard_task_runner.py:105} INFO - Job 88: Subtask Extractor_Loader
[2024-12-21T14:49:11.709+0000] {task_command.py:467} INFO - Running <TaskInstance: pipeline_dag.Extractor_Loader manual__2024-12-21T14:49:08.721508+00:00 [running]> on host 8bf0510c01ee
[2024-12-21T14:49:11.809+0000] {taskinstance.py:3132} INFO - Exporting env vars: AIRFLOW_CTX_DAG_OWNER='Contato' AIRFLOW_CTX_DAG_ID='pipeline_dag' AIRFLOW_CTX_TASK_ID='Extractor_Loader' AIRFLOW_CTX_EXECUTION_DATE='2024-12-21T14:49:08.721508+00:00' AIRFLOW_CTX_TRY_NUMBER='1' AIRFLOW_CTX_DAG_RUN_ID='manual__2024-12-21T14:49:08.721508+00:00'
[2024-12-21T14:49:11.810+0000] {logging_mixin.py:190} INFO - Task instance is in running state
[2024-12-21T14:49:11.810+0000] {logging_mixin.py:190} INFO -  Previous state of the Task instance: queued
[2024-12-21T14:49:11.811+0000] {logging_mixin.py:190} INFO - Current task name:Extractor_Loader state:running start_date:2024-12-21 14:49:11.470750+00:00
[2024-12-21T14:49:11.811+0000] {logging_mixin.py:190} INFO - Dag name:pipeline_dag and current dag run status:running
[2024-12-21T14:49:11.812+0000] {taskinstance.py:731} INFO - ::endgroup::
[2024-12-21T14:49:11.813+0000] {logging_mixin.py:190} INFO - initializing data extraction from raw folder
[2024-12-21T14:49:11.964+0000] {logging_mixin.py:190} INFO - saving data into bronze layer
[2024-12-21T14:49:12.090+0000] {python.py:240} INFO - Done. Returned value was: None
[2024-12-21T14:49:12.102+0000] {taskinstance.py:340} INFO - ::group::Post task execution logs
[2024-12-21T14:49:12.103+0000] {taskinstance.py:352} INFO - Marking task as SUCCESS. dag_id=pipeline_dag, task_id=Extractor_Loader, run_id=manual__2024-12-21T14:49:08.721508+00:00, execution_date=20241221T144908, start_date=20241221T144911, end_date=20241221T144912
[2024-12-21T14:49:12.113+0000] {logging_mixin.py:190} INFO - Task instance in success state
[2024-12-21T14:49:12.114+0000] {logging_mixin.py:190} INFO -  Previous state of the Task instance: running
[2024-12-21T14:49:12.114+0000] {logging_mixin.py:190} INFO - Dag name:pipeline_dag queued_at:2024-12-21 14:49:08.736831+00:00
[2024-12-21T14:49:12.114+0000] {logging_mixin.py:190} INFO - Task hostname:8bf0510c01ee operator:PythonOperator
[2024-12-21T14:49:12.160+0000] {local_task_job_runner.py:266} INFO - Task exited with return code 0
[2024-12-21T14:49:12.194+0000] {taskinstance.py:3895} INFO - 1 downstream tasks scheduled from follow-on schedule check
[2024-12-21T14:49:12.196+0000] {local_task_job_runner.py:245} INFO - ::endgroup::
