[2024-12-21T12:17:47.077+0000] {local_task_job_runner.py:123} INFO - ::group::Pre task execution logs
[2024-12-21T12:17:47.097+0000] {taskinstance.py:2613} INFO - Dependencies all met for dep_context=non-requeueable deps ti=<TaskInstance: pipeline_dag.Process_Silver_to_Gold scheduled__2024-12-20T00:00:00+00:00 [queued]>
[2024-12-21T12:17:47.106+0000] {taskinstance.py:2613} INFO - Dependencies all met for dep_context=requeueable deps ti=<TaskInstance: pipeline_dag.Process_Silver_to_Gold scheduled__2024-12-20T00:00:00+00:00 [queued]>
[2024-12-21T12:17:47.106+0000] {taskinstance.py:2866} INFO - Starting attempt 1 of 6
[2024-12-21T12:17:47.122+0000] {taskinstance.py:2889} INFO - Executing <Task(PythonOperator): Process_Silver_to_Gold> on 2024-12-20 00:00:00+00:00
[2024-12-21T12:17:47.129+0000] {warnings.py:112} WARNING - /home/***/.local/lib/python3.12/site-packages/***/task/task_runner/standard_task_runner.py:70: DeprecationWarning: This process (pid=115) is multi-threaded, use of fork() may lead to deadlocks in the child.
  pid = os.fork()

[2024-12-21T12:17:47.132+0000] {standard_task_runner.py:72} INFO - Started process 117 to run task
[2024-12-21T12:17:47.133+0000] {standard_task_runner.py:104} INFO - Running: ['***', 'tasks', 'run', 'pipeline_dag', 'Process_Silver_to_Gold', 'scheduled__2024-12-20T00:00:00+00:00', '--job-id', '7', '--raw', '--subdir', 'DAGS_FOLDER/pipeline_dag.py', '--cfg-path', '/tmp/tmpo73dh1r1']
[2024-12-21T12:17:47.134+0000] {standard_task_runner.py:105} INFO - Job 7: Subtask Process_Silver_to_Gold
[2024-12-21T12:17:47.469+0000] {task_command.py:467} INFO - Running <TaskInstance: pipeline_dag.Process_Silver_to_Gold scheduled__2024-12-20T00:00:00+00:00 [running]> on host 17e36ff91da7
[2024-12-21T12:17:47.594+0000] {taskinstance.py:3132} INFO - Exporting env vars: AIRFLOW_CTX_DAG_OWNER='Contato' AIRFLOW_CTX_DAG_ID='pipeline_dag' AIRFLOW_CTX_TASK_ID='Process_Silver_to_Gold' AIRFLOW_CTX_EXECUTION_DATE='2024-12-20T00:00:00+00:00' AIRFLOW_CTX_TRY_NUMBER='1' AIRFLOW_CTX_DAG_RUN_ID='scheduled__2024-12-20T00:00:00+00:00'
[2024-12-21T12:17:47.596+0000] {logging_mixin.py:190} INFO - Task instance is in running state
[2024-12-21T12:17:47.597+0000] {logging_mixin.py:190} INFO -  Previous state of the Task instance: queued
[2024-12-21T12:17:47.598+0000] {logging_mixin.py:190} INFO - Current task name:Process_Silver_to_Gold state:running start_date:2024-12-21 12:17:47.097870+00:00
[2024-12-21T12:17:47.598+0000] {logging_mixin.py:190} INFO - Dag name:pipeline_dag and current dag run status:running
[2024-12-21T12:17:47.599+0000] {taskinstance.py:731} INFO - ::endgroup::
[2024-12-21T12:17:47.600+0000] {logging_mixin.py:190} INFO - 3
[2024-12-21T12:17:47.600+0000] {python.py:240} INFO - Done. Returned value was: None
[2024-12-21T12:17:47.616+0000] {taskinstance.py:340} INFO - ::group::Post task execution logs
[2024-12-21T12:17:47.616+0000] {taskinstance.py:352} INFO - Marking task as SUCCESS. dag_id=pipeline_dag, task_id=Process_Silver_to_Gold, run_id=scheduled__2024-12-20T00:00:00+00:00, execution_date=20241220T000000, start_date=20241221T121747, end_date=20241221T121747
[2024-12-21T12:17:47.632+0000] {logging_mixin.py:190} INFO - Task instance in success state
[2024-12-21T12:17:47.633+0000] {logging_mixin.py:190} INFO -  Previous state of the Task instance: running
[2024-12-21T12:17:47.634+0000] {logging_mixin.py:190} INFO - Dag name:pipeline_dag queued_at:2024-12-21 12:17:34.463286+00:00
[2024-12-21T12:17:47.634+0000] {logging_mixin.py:190} INFO - Task hostname:17e36ff91da7 operator:PythonOperator
[2024-12-21T12:17:47.683+0000] {local_task_job_runner.py:266} INFO - Task exited with return code 0
[2024-12-21T12:17:47.879+0000] {taskinstance.py:3895} INFO - 0 downstream tasks scheduled from follow-on schedule check
[2024-12-21T12:17:47.882+0000] {local_task_job_runner.py:245} INFO - ::endgroup::
