[2024-12-21T12:17:43.486+0000] {local_task_job_runner.py:123} INFO - ::group::Pre task execution logs
[2024-12-21T12:17:43.508+0000] {taskinstance.py:2613} INFO - Dependencies all met for dep_context=non-requeueable deps ti=<TaskInstance: pipeline_dag.Process_Bronze_to_Silver scheduled__2024-12-20T00:00:00+00:00 [queued]>
[2024-12-21T12:17:43.518+0000] {taskinstance.py:2613} INFO - Dependencies all met for dep_context=requeueable deps ti=<TaskInstance: pipeline_dag.Process_Bronze_to_Silver scheduled__2024-12-20T00:00:00+00:00 [queued]>
[2024-12-21T12:17:43.519+0000] {taskinstance.py:2866} INFO - Starting attempt 1 of 6
[2024-12-21T12:17:43.536+0000] {taskinstance.py:2889} INFO - Executing <Task(PythonOperator): Process_Bronze_to_Silver> on 2024-12-20 00:00:00+00:00
[2024-12-21T12:17:43.542+0000] {warnings.py:112} WARNING - /home/***/.local/lib/python3.12/site-packages/***/task/task_runner/standard_task_runner.py:70: DeprecationWarning: This process (pid=111) is multi-threaded, use of fork() may lead to deadlocks in the child.
  pid = os.fork()

[2024-12-21T12:17:43.545+0000] {standard_task_runner.py:72} INFO - Started process 113 to run task
[2024-12-21T12:17:43.545+0000] {standard_task_runner.py:104} INFO - Running: ['***', 'tasks', 'run', 'pipeline_dag', 'Process_Bronze_to_Silver', 'scheduled__2024-12-20T00:00:00+00:00', '--job-id', '6', '--raw', '--subdir', 'DAGS_FOLDER/pipeline_dag.py', '--cfg-path', '/tmp/tmpuk3bxdsf']
[2024-12-21T12:17:43.547+0000] {standard_task_runner.py:105} INFO - Job 6: Subtask Process_Bronze_to_Silver
[2024-12-21T12:17:43.832+0000] {task_command.py:467} INFO - Running <TaskInstance: pipeline_dag.Process_Bronze_to_Silver scheduled__2024-12-20T00:00:00+00:00 [running]> on host 17e36ff91da7
[2024-12-21T12:17:43.914+0000] {taskinstance.py:3132} INFO - Exporting env vars: AIRFLOW_CTX_DAG_OWNER='Contato' AIRFLOW_CTX_DAG_ID='pipeline_dag' AIRFLOW_CTX_TASK_ID='Process_Bronze_to_Silver' AIRFLOW_CTX_EXECUTION_DATE='2024-12-20T00:00:00+00:00' AIRFLOW_CTX_TRY_NUMBER='1' AIRFLOW_CTX_DAG_RUN_ID='scheduled__2024-12-20T00:00:00+00:00'
[2024-12-21T12:17:43.915+0000] {logging_mixin.py:190} INFO - Task instance is in running state
[2024-12-21T12:17:43.916+0000] {logging_mixin.py:190} INFO -  Previous state of the Task instance: queued
[2024-12-21T12:17:43.916+0000] {logging_mixin.py:190} INFO - Current task name:Process_Bronze_to_Silver state:running start_date:2024-12-21 12:17:43.509343+00:00
[2024-12-21T12:17:43.916+0000] {logging_mixin.py:190} INFO - Dag name:pipeline_dag and current dag run status:running
[2024-12-21T12:17:43.917+0000] {taskinstance.py:731} INFO - ::endgroup::
[2024-12-21T12:17:43.917+0000] {logging_mixin.py:190} INFO - 2
[2024-12-21T12:17:43.918+0000] {python.py:240} INFO - Done. Returned value was: None
[2024-12-21T12:17:43.929+0000] {taskinstance.py:340} INFO - ::group::Post task execution logs
[2024-12-21T12:17:43.929+0000] {taskinstance.py:352} INFO - Marking task as SUCCESS. dag_id=pipeline_dag, task_id=Process_Bronze_to_Silver, run_id=scheduled__2024-12-20T00:00:00+00:00, execution_date=20241220T000000, start_date=20241221T121743, end_date=20241221T121743
[2024-12-21T12:17:43.939+0000] {logging_mixin.py:190} INFO - Task instance in success state
[2024-12-21T12:17:43.940+0000] {logging_mixin.py:190} INFO -  Previous state of the Task instance: running
[2024-12-21T12:17:43.940+0000] {logging_mixin.py:190} INFO - Dag name:pipeline_dag queued_at:2024-12-21 12:17:34.463286+00:00
[2024-12-21T12:17:43.941+0000] {logging_mixin.py:190} INFO - Task hostname:17e36ff91da7 operator:PythonOperator
[2024-12-21T12:17:43.974+0000] {local_task_job_runner.py:266} INFO - Task exited with return code 0
[2024-12-21T12:17:44.156+0000] {taskinstance.py:3895} INFO - 1 downstream tasks scheduled from follow-on schedule check
[2024-12-21T12:17:44.158+0000] {local_task_job_runner.py:245} INFO - ::endgroup::
