[2024-12-21T14:23:22.057+0000] {local_task_job_runner.py:123} INFO - ::group::Pre task execution logs
[2024-12-21T14:23:22.220+0000] {taskinstance.py:2613} INFO - Dependencies all met for dep_context=non-requeueable deps ti=<TaskInstance: pipeline_dag.Extractor_Loader manual__2024-12-21T14:23:15.613039+00:00 [queued]>
[2024-12-21T14:23:22.232+0000] {taskinstance.py:2613} INFO - Dependencies all met for dep_context=requeueable deps ti=<TaskInstance: pipeline_dag.Extractor_Loader manual__2024-12-21T14:23:15.613039+00:00 [queued]>
[2024-12-21T14:23:22.233+0000] {taskinstance.py:2866} INFO - Starting attempt 1 of 2
[2024-12-21T14:23:22.250+0000] {taskinstance.py:2889} INFO - Executing <Task(PythonOperator): Extractor_Loader> on 2024-12-21 14:23:15.613039+00:00
[2024-12-21T14:23:22.258+0000] {warnings.py:112} WARNING - /home/***/.local/lib/python3.12/site-packages/***/task/task_runner/standard_task_runner.py:70: DeprecationWarning: This process (pid=94) is multi-threaded, use of fork() may lead to deadlocks in the child.
  pid = os.fork()

[2024-12-21T14:23:22.260+0000] {standard_task_runner.py:72} INFO - Started process 96 to run task
[2024-12-21T14:23:22.261+0000] {standard_task_runner.py:104} INFO - Running: ['***', 'tasks', 'run', 'pipeline_dag', 'Extractor_Loader', 'manual__2024-12-21T14:23:15.613039+00:00', '--job-id', '59', '--raw', '--subdir', 'DAGS_FOLDER/pipeline_dag.py', '--cfg-path', '/tmp/tmpqd3e94re']
[2024-12-21T14:23:22.262+0000] {standard_task_runner.py:105} INFO - Job 59: Subtask Extractor_Loader
[2024-12-21T14:23:22.328+0000] {task_command.py:467} INFO - Running <TaskInstance: pipeline_dag.Extractor_Loader manual__2024-12-21T14:23:15.613039+00:00 [running]> on host 8bf0510c01ee
[2024-12-21T14:23:22.454+0000] {taskinstance.py:3132} INFO - Exporting env vars: AIRFLOW_CTX_DAG_OWNER='Contato' AIRFLOW_CTX_DAG_ID='pipeline_dag' AIRFLOW_CTX_TASK_ID='Extractor_Loader' AIRFLOW_CTX_EXECUTION_DATE='2024-12-21T14:23:15.613039+00:00' AIRFLOW_CTX_TRY_NUMBER='1' AIRFLOW_CTX_DAG_RUN_ID='manual__2024-12-21T14:23:15.613039+00:00'
[2024-12-21T14:23:22.455+0000] {logging_mixin.py:190} INFO - Task instance is in running state
[2024-12-21T14:23:22.456+0000] {logging_mixin.py:190} INFO -  Previous state of the Task instance: queued
[2024-12-21T14:23:22.456+0000] {logging_mixin.py:190} INFO - Current task name:Extractor_Loader state:running start_date:2024-12-21 14:23:22.221220+00:00
[2024-12-21T14:23:22.457+0000] {logging_mixin.py:190} INFO - Dag name:pipeline_dag and current dag run status:running
[2024-12-21T14:23:22.458+0000] {taskinstance.py:731} INFO - ::endgroup::
[2024-12-21T14:23:22.459+0000] {logging_mixin.py:190} INFO - initializing data extraction from raw folder
[2024-12-21T14:23:22.627+0000] {logging_mixin.py:190} INFO - saving data into bronze layer
[2024-12-21T14:23:22.815+0000] {python.py:240} INFO - Done. Returned value was: None
[2024-12-21T14:23:22.832+0000] {taskinstance.py:340} INFO - ::group::Post task execution logs
[2024-12-21T14:23:22.833+0000] {taskinstance.py:352} INFO - Marking task as SUCCESS. dag_id=pipeline_dag, task_id=Extractor_Loader, run_id=manual__2024-12-21T14:23:15.613039+00:00, execution_date=20241221T142315, start_date=20241221T142322, end_date=20241221T142322
[2024-12-21T14:23:22.849+0000] {logging_mixin.py:190} INFO - Task instance in success state
[2024-12-21T14:23:22.850+0000] {logging_mixin.py:190} INFO -  Previous state of the Task instance: running
[2024-12-21T14:23:22.850+0000] {logging_mixin.py:190} INFO - Dag name:pipeline_dag queued_at:2024-12-21 14:23:15.646215+00:00
[2024-12-21T14:23:22.851+0000] {logging_mixin.py:190} INFO - Task hostname:8bf0510c01ee operator:PythonOperator
[2024-12-21T14:23:22.899+0000] {local_task_job_runner.py:266} INFO - Task exited with return code 0
[2024-12-21T14:23:22.938+0000] {taskinstance.py:3895} INFO - 1 downstream tasks scheduled from follow-on schedule check
[2024-12-21T14:23:22.941+0000] {local_task_job_runner.py:245} INFO - ::endgroup::
