[2024-12-21T14:33:17.834+0000] {local_task_job_runner.py:123} INFO - ::group::Pre task execution logs
[2024-12-21T14:33:17.863+0000] {taskinstance.py:2613} INFO - Dependencies all met for dep_context=non-requeueable deps ti=<TaskInstance: pipeline_dag.Process_Silver_to_Gold manual__2024-12-21T14:33:09.506603+00:00 [queued]>
[2024-12-21T14:33:17.880+0000] {taskinstance.py:2613} INFO - Dependencies all met for dep_context=requeueable deps ti=<TaskInstance: pipeline_dag.Process_Silver_to_Gold manual__2024-12-21T14:33:09.506603+00:00 [queued]>
[2024-12-21T14:33:17.880+0000] {taskinstance.py:2866} INFO - Starting attempt 1 of 2
[2024-12-21T14:33:18.043+0000] {taskinstance.py:2889} INFO - Executing <Task(PythonOperator): Process_Silver_to_Gold> on 2024-12-21 14:33:09.506603+00:00
[2024-12-21T14:33:18.055+0000] {warnings.py:112} WARNING - /home/***/.local/lib/python3.12/site-packages/***/task/task_runner/standard_task_runner.py:70: DeprecationWarning: This process (pid=280) is multi-threaded, use of fork() may lead to deadlocks in the child.
  pid = os.fork()

[2024-12-21T14:33:18.058+0000] {standard_task_runner.py:72} INFO - Started process 282 to run task
[2024-12-21T14:33:18.063+0000] {standard_task_runner.py:104} INFO - Running: ['***', 'tasks', 'run', 'pipeline_dag', 'Process_Silver_to_Gold', 'manual__2024-12-21T14:33:09.506603+00:00', '--job-id', '67', '--raw', '--subdir', 'DAGS_FOLDER/pipeline_dag.py', '--cfg-path', '/tmp/tmp04up8z22']
[2024-12-21T14:33:18.065+0000] {standard_task_runner.py:105} INFO - Job 67: Subtask Process_Silver_to_Gold
[2024-12-21T14:33:18.168+0000] {task_command.py:467} INFO - Running <TaskInstance: pipeline_dag.Process_Silver_to_Gold manual__2024-12-21T14:33:09.506603+00:00 [running]> on host 8bf0510c01ee
[2024-12-21T14:33:18.295+0000] {taskinstance.py:3132} INFO - Exporting env vars: AIRFLOW_CTX_DAG_OWNER='Contato' AIRFLOW_CTX_DAG_ID='pipeline_dag' AIRFLOW_CTX_TASK_ID='Process_Silver_to_Gold' AIRFLOW_CTX_EXECUTION_DATE='2024-12-21T14:33:09.506603+00:00' AIRFLOW_CTX_TRY_NUMBER='1' AIRFLOW_CTX_DAG_RUN_ID='manual__2024-12-21T14:33:09.506603+00:00'
[2024-12-21T14:33:18.298+0000] {logging_mixin.py:190} INFO - Task instance is in running state
[2024-12-21T14:33:18.299+0000] {logging_mixin.py:190} INFO -  Previous state of the Task instance: queued
[2024-12-21T14:33:18.303+0000] {logging_mixin.py:190} INFO - Current task name:Process_Silver_to_Gold state:running start_date:2024-12-21 14:33:17.864720+00:00
[2024-12-21T14:33:18.304+0000] {logging_mixin.py:190} INFO - Dag name:pipeline_dag and current dag run status:running
[2024-12-21T14:33:18.304+0000] {taskinstance.py:731} INFO - ::endgroup::
[2024-12-21T14:33:18.306+0000] {logging_mixin.py:190} INFO - 3
[2024-12-21T14:33:18.307+0000] {python.py:240} INFO - Done. Returned value was: None
[2024-12-21T14:33:18.323+0000] {taskinstance.py:340} INFO - ::group::Post task execution logs
[2024-12-21T14:33:18.325+0000] {taskinstance.py:352} INFO - Marking task as SUCCESS. dag_id=pipeline_dag, task_id=Process_Silver_to_Gold, run_id=manual__2024-12-21T14:33:09.506603+00:00, execution_date=20241221T143309, start_date=20241221T143317, end_date=20241221T143318
[2024-12-21T14:33:18.339+0000] {logging_mixin.py:190} INFO - Task instance in success state
[2024-12-21T14:33:18.340+0000] {logging_mixin.py:190} INFO -  Previous state of the Task instance: running
[2024-12-21T14:33:18.340+0000] {logging_mixin.py:190} INFO - Dag name:pipeline_dag queued_at:2024-12-21 14:33:09.526553+00:00
[2024-12-21T14:33:18.341+0000] {logging_mixin.py:190} INFO - Task hostname:8bf0510c01ee operator:PythonOperator
[2024-12-21T14:33:18.366+0000] {local_task_job_runner.py:266} INFO - Task exited with return code 0
[2024-12-21T14:33:18.390+0000] {taskinstance.py:3895} INFO - 0 downstream tasks scheduled from follow-on schedule check
[2024-12-21T14:33:18.393+0000] {local_task_job_runner.py:245} INFO - ::endgroup::
